<?xml version='1.0' encoding='UTF-8'?>
<testsuite hostname="hperrin-pc" name="streams.BloxorzSuite" tests="4" errors="0" failures="0" skipped="0" time="0.077">
                     <properties>
[...]
</properties>
                     <testcase classname="streams.BloxorzSuite" name="terrain function level 1" time="0.04">
                                                 
                                               </testcase><testcase classname="streams.BloxorzSuite" name="findChar level 1" time="0.004">
                                                 
                                               </testcase><testcase classname="streams.BloxorzSuite" name="optimal solution for level 1" time="0.026">
                                                 
                                               </testcase><testcase classname="streams.BloxorzSuite" name="optimal solution length for level 1" time="0.007">
                                                 
                                               </testcase>
                     <system-out></system-out>
                     <system-err></system-err>
                   </testsuite>